# このファイルは緯度・経度を用いた２点間の距離と方位角の計算結果（一括処理）です。
# 選択された楕円体は「GRS80」です。
# 出力項目は以下の通りです。
# 出発点緯度(dms) 出発点経度(dms) 到着点緯度(dms) 到着点経度(dms) 測地線長(m) 方位角1(dms) 方位角2(dms) コメント
#-----------------------------------------------------------------------------------------------------------------------
  213000.0000   1460600.0000   214800.0000   1470000.0000       98906.855       701237.12      2503232.49 
  214800.0000   1470000.0000   222400.0000   1475400.0000      114188.223       541506.19      2343525.20 
  222400.0000   1475400.0000   232400.0000   1483000.0000      126701.448       285708.09      2091108.64 
  232400.0000   1483000.0000   241200.0000   1484800.0000       93730.323       185835.11      1990550.95 
  241200.0000   1484800.0000   250600.0000   1491800.0000      111804.677       264853.43      2070124.19 
  250600.0000   1491800.0000   252400.0000   1494200.0000       52233.595       502410.97      2303425.23 
  252400.0000   1494200.0000   260600.0000   1500600.0000       87317.444       271629.47      2072655.09 
  260600.0000   1500600.0000   273600.0000   1503600.0000      173471.017       163202.03      1964535.08 
  273600.0000   1503600.0000   282400.0000   1503600.0000       88655.569            0.00      1800000.00 
  282400.0000   1503600.0000   293600.0000   1504200.0000      133359.363        40957.16      1841251.70 
  293600.0000   1504200.0000   301200.0000   1502400.0000       72547.694      3363204.51      1562306.14 
  301200.0000   1502400.0000   310600.0000   1494800.0000      115164.308      3301137.13      1495315.94 
  310600.0000   1494800.0000   324800.0000   1491800.0000      194342.146      3460313.81      1654721.18 
  324800.0000   1491800.0000   335400.0000   1474200.0000      192517.971      3094540.19      1285253.33 
  335400.0000   1474200.0000   343000.0000   1453000.0000      213406.666      2884715.95      1073303.81 
  343000.0000   1453000.0000   342400.0000   1434200.0000      165779.931      2664021.86       853916.00 
  342400.0000   1434200.0000   341800.0000   1425400.0000       74434.336      2613918.74       811213.69 
  341800.0000   1425400.0000   345400.0000   1423600.0000       72024.369      3373721.05      1572707.77 
  345400.0000   1423600.0000   354200.0000   1422400.0000       90601.718      3482831.05      1682134.99 
  354200.0000   1422400.0000   363600.0000   1422400.0000       99865.612            0.00      1800000.00 
  363600.0000   1422400.0000   374800.0000   1421200.0000      134355.967      3522758.61      1722043.28 
  374800.0000   1421200.0000   381200.0000   1414200.0000       62448.726      3152759.81      1350931.61 
  381200.0000   1414200.0000   391200.0000   1412400.0000      114035.903      3465150.96      1664035.67 
  391200.0000   1412400.0000   402400.0000   1394800.0000      191118.098      3144222.07      1334054.69 
  402400.0000   1394800.0000   403600.0000   1380600.0000      145804.085      2791845.56       981230.77 
  403600.0000   1380600.0000   404200.0000   1373600.0000       43722.948      2845233.04      1043300.45 
  404200.0000   1373600.0000   404200.0000   1365400.0000       59160.699      2701341.65       894618.35 
  404200.0000   1365400.0000   404200.0000   1363600.0000       25354.640      2700552.13       895407.87 
  404200.0000   1363600.0000   404800.0000   1361800.0000       27662.515      2934558.42      1133413.44 
  404800.0000   1361800.0000   404800.0000   1361200.0000        8438.899      2700157.62       895802.38 
  404800.0000   1361200.0000   404800.0000   1355400.0000       25316.685      2700552.85       895407.15 
  404800.0000   1355400.0000   404800.0000   1354200.0000       16877.795      2700355.23       895604.77 
  404800.0000   1354200.0000   404800.0000   1352400.0000       25316.685      2700552.85       895407.15 
  404800.0000   1352400.0000   404800.0000   1351200.0000       16877.795      2700355.23       895604.77 
  404800.0000   1351200.0000   404200.0000   1350000.0000       20214.008      2364430.23       563640.24 
  404200.0000   1350000.0000   405400.0000   1335400.0000       95447.161      2834852.65      1030545.05 
